#! /c/Source/iverilog-install/bin/vvp
:ivl_version "12.0 (devel)" "(s20150603-1539-g2693dd32b)";
:ivl_delay_selection "TYPICAL";
:vpi_time_precision + 0;
:vpi_module "C:\iverilog\lib\ivl\system.vpi";
:vpi_module "C:\iverilog\lib\ivl\vhdl_sys.vpi";
:vpi_module "C:\iverilog\lib\ivl\vhdl_textio.vpi";
:vpi_module "C:\iverilog\lib\ivl\v2005_math.vpi";
:vpi_module "C:\iverilog\lib\ivl\va_math.vpi";
S_0000017ff1c06370 .scope module, "testbench" "testbench" 2 3;
 .timescale 0 0;
v0000017ff1c03c70_0 .var "A", 3 0;
v0000017ff1c03d10_0 .net "B", 3 0, v0000017ff1bb7030_0;  1 drivers
v0000017ff1c03db0_0 .var "clk", 0 0;
v0000017ff1c03e50_0 .var "res", 0 0;
S_0000017ff1c06500 .scope module, "jk" "shift_reg" 2 8, 3 1 0, S_0000017ff1c06370;
 .timescale 0 0;
    .port_info 0 /INPUT 4 "A";
    .port_info 1 /INPUT 1 "clk";
    .port_info 2 /INPUT 1 "res";
    .port_info 3 /OUTPUT 4 "B";
v0000017ff1bb6e10_0 .net "A", 3 0, v0000017ff1c03c70_0;  1 drivers
v0000017ff1bb7030_0 .var "B", 3 0;
v0000017ff1bb6a20_0 .net "clk", 0 0, v0000017ff1c03db0_0;  1 drivers
v0000017ff1c03bd0_0 .net "res", 0 0, v0000017ff1c03e50_0;  1 drivers
E_0000017ff1bbccf0/0 .event negedge, v0000017ff1c03bd0_0;
E_0000017ff1bbccf0/1 .event posedge, v0000017ff1bb6a20_0;
E_0000017ff1bbccf0 .event/or E_0000017ff1bbccf0/0, E_0000017ff1bbccf0/1;
    .scope S_0000017ff1c06500;
T_0 ;
    %wait E_0000017ff1bbccf0;
    %load/vec4 v0000017ff1c03bd0_0;
    %inv;
    %flag_set/vec4 8;
    %jmp/0xz  T_0.0, 8;
    %pushi/vec4 10, 0, 4;
    %assign/vec4 v0000017ff1bb7030_0, 0;
    %jmp T_0.1;
T_0.0 ;
    %load/vec4 v0000017ff1bb7030_0;
    %parti/s 1, 0, 2;
    %load/vec4 v0000017ff1bb7030_0;
    %parti/s 3, 1, 2;
    %concat/vec4; draw_concat_vec4
    %assign/vec4 v0000017ff1bb7030_0, 0;
T_0.1 ;
    %jmp T_0;
    .thread T_0;
    .scope S_0000017ff1c06370;
T_1 ;
    %pushi/vec4 0, 0, 1;
    %store/vec4 v0000017ff1c03db0_0, 0, 1;
    %end;
    .thread T_1;
    .scope S_0000017ff1c06370;
T_2 ;
    %delay 10, 0;
    %load/vec4 v0000017ff1c03db0_0;
    %inv;
    %store/vec4 v0000017ff1c03db0_0, 0, 1;
    %jmp T_2;
    .thread T_2;
    .scope S_0000017ff1c06370;
T_3 ;
    %pushi/vec4 0, 0, 1;
    %store/vec4 v0000017ff1c03e50_0, 0, 1;
    %pushi/vec4 10, 0, 4;
    %store/vec4 v0000017ff1c03c70_0, 0, 4;
    %delay 10, 0;
    %pushi/vec4 1, 0, 1;
    %store/vec4 v0000017ff1c03e50_0, 0, 1;
    %delay 100, 0;
    %vpi_call 2 16 "$finish" {0 0 0};
    %end;
    .thread T_3;
    .scope S_0000017ff1c06370;
T_4 ;
    %vpi_call 2 20 "$monitor", "time : %0d | clk :%d | res : %d | B = %d", $time, v0000017ff1c03db0_0, v0000017ff1c03e50_0, v0000017ff1c03d10_0 {0 0 0};
    %end;
    .thread T_4;
# The file index is used to find the file name in the following table.
:file_names 4;
    "N/A";
    "<interactive>";
    ".\testbench.v";
    "./Shift_reg.v";
